0 verbose cli /usr/bin/node /usr/bin/npm
1 info using npm@10.9.1
2 info using node@v22.22.2
3 silly config load:file:/usr/lib/node_modules/npm/npmrc
4 silly config load:file:/home/.npmrc
5 silly config load:file:/etc/npmrc
6 verbose title npm install typescript
7 verbose argv "install" "--global" "typescript"
8 verbose logfile logs-max:10 dir:/home/.npm/_logs/2026-06-09T16_23_23_945Z-
9 verbose logfile /home/.npm/_logs/2026-06-09T16_23_23_945Z-debug-0.log
10 silly packumentCache heap:2197815296 maxSize:549453824 maxEntrySize:274726912
11 silly logfile done cleaning log files
12 silly idealTree buildDeps
13 silly fetch manifest typescript@*
14 silly packumentCache full:https://registry.npmjs.org/typescript cache-miss
15 http fetch GET 200 https://registry.npmjs.org/typescript 2435ms (cache miss)
16 silly packumentCache full:https://registry.npmjs.org/typescript set size:undefined disposed:false
17 silly placeDep ROOT typescript@6.0.3 OK for:  want: *
18 silly reify moves {}
19 http cache typescript@https://registry.npmjs.org/typescript/-/typescript-6.0.3.tgz 0ms (cache hit)
20 silly tarball no local data for typescript@https://registry.npmjs.org/typescript/-/typescript-6.0.3.tgz. Extracting by manifest.
21 http fetch GET 200 https://registry.npmjs.org/typescript/-/typescript-6.0.3.tgz 7622ms (cache miss)
22 silly ADD node_modules/typescript
23 verbose cwd /home
24 verbose os Linux 5.15.189-android13-3-33504235
25 verbose node v22.22.2
26 verbose npm  v10.9.1
27 verbose exit 0
28 info ok
