0 verbose cli /usr/bin/node /usr/bin/npm
1 info using npm@10.9.1
2 info using node@v22.22.2
3 silly config load:file:/usr/lib/node_modules/npm/npmrc
4 silly config load:file:/home/.npmrc
5 silly config load:file:/etc/npmrc
6 verbose title npm install typescript
7 verbose argv "install" "--global" "typescript"
8 verbose logfile logs-max:10 dir:/home/.npm/_logs/2026-06-09T16_25_23_889Z-
9 verbose logfile /home/.npm/_logs/2026-06-09T16_25_23_889Z-debug-0.log
10 silly packumentCache heap:2197815296 maxSize:549453824 maxEntrySize:274726912
11 silly logfile done cleaning log files
12 silly idealTree buildDeps
13 silly fetch manifest typescript@*
14 silly packumentCache full:https://registry.npmjs.org/typescript cache-miss
15 http cache https://registry.npmjs.org/typescript 85ms (cache hit)
16 silly packumentCache full:https://registry.npmjs.org/typescript set size:15409943 disposed:false
17 silly placeDep ROOT typescript@6.0.3 OK for:  want: *
18 silly reify mark retired [
18 silly reify   '/usr/local/lib/node_modules/typescript',
18 silly reify   '/usr/local/bin/tsc',
18 silly reify   '/usr/local/bin/tsserver'
18 silly reify ]
19 silly reify moves {
19 silly reify   '/usr/local/lib/node_modules/typescript': '/usr/local/lib/node_modules/.typescript-U1UXj10a',
19 silly reify   '/usr/local/bin/tsc': '/usr/local/bin/.tsc-u2EeHcne',
19 silly reify   '/usr/local/bin/tsserver': '/usr/local/bin/.tsserver-bJFvYJo6'
19 silly reify }
20 http cache typescript@https://registry.npmjs.org/typescript/-/typescript-6.0.3.tgz 0ms (cache hit)
21 silly CHANGE node_modules/typescript
22 verbose cwd /home
23 verbose os Linux 5.15.189-android13-3-33504235
24 verbose node v22.22.2
25 verbose npm  v10.9.1
26 verbose exit 0
27 info ok
