0 verbose cli /usr/bin/node /usr/lib/node_modules/npm/bin/npm-cli.js
1 info using npm@10.9.1
2 info using node@v22.22.2
3 silly config load:file:/usr/lib/node_modules/npm/npmrc
4 silly config load:file:/home/.npmrc
5 silly config load:file:/etc/npmrc
6 verbose title npm exec tsc -outDir dist
7 verbose argv "exec" "--" "tsc" "-outDir" "dist"
8 verbose logfile logs-max:10 dir:/home/.npm/_logs/2026-06-09T16_21_27_298Z-
9 verbose logfile /home/.npm/_logs/2026-06-09T16_21_27_298Z-debug-0.log
10 silly logfile done cleaning log files
11 silly packumentCache heap:2197815296 maxSize:549453824 maxEntrySize:274726912
12 http fetch GET 200 https://registry.npmjs.org/tsc 921ms (cache miss)
13 silly packumentCache heap:2197815296 maxSize:549453824 maxEntrySize:274726912
14 silly packumentCache heap:2197815296 maxSize:549453824 maxEntrySize:274726912
15 verbose stack Error: canceled
15 verbose stack     at exec (/usr/lib/node_modules/npm/node_modules/libnpmexec/lib/index.js:286:19)
15 verbose stack     at process.processTicksAndRejections (node:internal/process/task_queues:103:5)
15 verbose stack     at async Npm.exec (/usr/lib/node_modules/npm/lib/npm.js:207:9)
15 verbose stack     at async module.exports (/usr/lib/node_modules/npm/lib/cli/entry.js:74:5)
16 error canceled
17 verbose cwd /home
18 verbose os Linux 5.15.189-android13-3-33504235
19 verbose node v22.22.2
20 verbose npm  v10.9.1
21 verbose exit 1
22 verbose code 1
23 error A complete log of this run can be found in: /home/.npm/_logs/2026-06-09T16_21_27_298Z-debug-0.log
